TN:
SF:C:\Users\Eneojo\Desktop\Branches\develop\server\server.js
FN:12,(anonymous_0)
FN:17,(anonymous_1)
FN:22,(anonymous_2)
FNF:3
FNH:2
FNDA:0,(anonymous_0)
FNDA:3,(anonymous_1)
FNDA:1,(anonymous_2)
DA:7,1
DA:9,1
DA:10,1
DA:12,1
DA:13,0
DA:15,1
DA:16,1
DA:17,1
DA:18,3
DA:21,1
DA:22,1
DA:23,1
LF:12
LH:11
BRDA:21,0,0,1
BRDA:21,0,1,1
BRF:2
BRH:2
end_of_record
TN:
SF:C:\Users\Eneojo\Desktop\Branches\develop\server\controllers\parcel.js
FN:9,(anonymous_0)
FN:18,(anonymous_1)
FN:28,(anonymous_2)
FN:41,(anonymous_3)
FN:54,(anonymous_4)
FNF:5
FNH:4
FNDA:1,(anonymous_0)
FNDA:1,(anonymous_1)
FNDA:2,(anonymous_2)
FNDA:1,(anonymous_3)
FNDA:0,(anonymous_4)
DA:2,1
DA:10,1
DA:11,1
DA:19,1
DA:20,1
DA:29,2
DA:30,2
DA:31,1
DA:33,1
DA:42,1
DA:43,1
DA:44,0
DA:46,1
DA:47,1
DA:56,0
DA:57,0
DA:58,0
DA:60,0
DA:61,0
LF:19
LH:13
BRDA:30,0,0,1
BRDA:30,0,1,1
BRDA:43,1,0,0
BRDA:43,1,1,1
BRDA:57,2,0,0
BRDA:57,2,1,0
BRF:6
BRH:3
end_of_record
TN:
SF:C:\Users\Eneojo\Desktop\Branches\develop\server\controllers\user.js
FN:10,(anonymous_0)
FN:11,(anonymous_1)
FN:21,(anonymous_2)
FN:22,(anonymous_3)
FN:24,(anonymous_4)
FN:37,(anonymous_5)
FN:38,(anonymous_6)
FN:48,(anonymous_7)
FN:49,(anonymous_8)
FN:59,(anonymous_9)
FN:60,(anonymous_10)
FN:74,(anonymous_11)
FN:75,(anonymous_12)
FNF:13
FNH:11
FNDA:1,(anonymous_0)
FNDA:1,(anonymous_1)
FNDA:1,(anonymous_2)
FNDA:2,(anonymous_3)
FNDA:0,(anonymous_4)
FNDA:1,(anonymous_5)
FNDA:1,(anonymous_6)
FNDA:1,(anonymous_7)
FNDA:1,(anonymous_8)
FNDA:1,(anonymous_9)
FNDA:1,(anonymous_10)
FNDA:1,(anonymous_11)
FNDA:0,(anonymous_12)
DA:11,1
DA:12,1
DA:13,1
DA:22,1
DA:23,2
DA:24,0
DA:26,0
DA:27,0
DA:29,0
DA:38,1
DA:39,1
DA:40,1
DA:49,1
DA:50,1
DA:51,1
DA:52,1
DA:54,0
DA:60,1
DA:61,1
DA:62,1
DA:63,1
DA:65,0
DA:66,0
DA:75,1
DA:76,0
DA:77,0
DA:78,0
DA:80,0
DA:81,0
LF:29
LH:17
BRDA:26,0,0,0
BRDA:26,0,1,0
BRDA:51,1,0,1
BRDA:51,1,1,0
BRDA:62,2,0,1
BRDA:62,2,1,0
BRDA:77,3,0,0
BRDA:77,3,1,0
BRF:8
BRH:2
end_of_record
TN:
SF:C:\Users\Eneojo\Desktop\Branches\develop\server\middleware\vallidation.js
FN:5,(anonymous_0)
FN:23,(anonymous_1)
FN:24,(anonymous_2)
FNF:3
FNH:1
FNDA:1,(anonymous_0)
FNDA:0,(anonymous_1)
FNDA:0,(anonymous_2)
DA:6,1
DA:14,1
DA:15,1
DA:16,1
DA:17,0
DA:20,1
DA:24,0
DA:25,0
DA:26,0
DA:28,0
DA:29,0
DA:32,0
LF:12
LH:5
BRDA:16,0,0,0
BRDA:16,0,1,1
BRDA:25,1,0,0
BRDA:25,1,1,0
BRDA:28,2,0,0
BRDA:28,2,1,0
BRF:6
BRH:1
end_of_record
TN:
SF:C:\Users\Eneojo\Desktop\Branches\develop\server\models\parcel.js
FN:8,(anonymous_0)
FN:30,(anonymous_1)
FN:39,(anonymous_2)
FN:50,(anonymous_3)
FN:53,(anonymous_4)
FN:79,(anonymous_5)
FN:80,(anonymous_6)
FN:88,(anonymous_7)
FN:98,(anonymous_8)
FN:108,(anonymous_9)
FN:116,(anonymous_10)
FN:124,(anonymous_11)
FNF:12
FNH:9
FNDA:3,(anonymous_0)
FNDA:10,(anonymous_1)
FNDA:1,(anonymous_2)
FNDA:1,(anonymous_3)
FNDA:1,(anonymous_4)
FNDA:4,(anonymous_5)
FNDA:5,(anonymous_6)
FNDA:1,(anonymous_7)
FNDA:1,(anonymous_8)
FNDA:0,(anonymous_9)
FNDA:0,(anonymous_10)
FNDA:0,(anonymous_11)
DA:9,3
DA:31,10
DA:40,1
DA:41,1
DA:42,1
DA:43,5
DA:44,1
DA:51,1
DA:52,1
DA:53,1
DA:54,1
DA:55,0
DA:57,1
DA:70,1
DA:71,1
DA:80,5
DA:81,4
DA:89,1
DA:99,1
DA:100,1
DA:101,1
DA:102,1
DA:103,1
DA:104,1
DA:105,1
DA:109,0
DA:110,0
DA:111,0
DA:112,0
DA:113,0
DA:117,0
DA:118,0
DA:119,0
DA:120,0
DA:121,0
DA:125,0
DA:126,0
DA:127,0
DA:128,0
LF:39
LH:24
BRDA:9,0,0,0
BRDA:9,0,1,3
BRDA:54,1,0,0
BRDA:54,1,1,1
BRDA:59,2,0,1
BRDA:59,2,1,0
BRDA:61,3,0,1
BRDA:61,3,1,1
BRDA:62,4,0,1
BRDA:62,4,1,0
BRDA:63,5,0,1
BRDA:63,5,1,1
BRDA:64,6,0,1
BRDA:64,6,1,1
BRDA:65,7,0,1
BRDA:65,7,1,0
BRDA:66,8,0,1
BRDA:66,8,1,0
BRDA:101,9,0,1
BRDA:101,9,1,0
BRDA:102,10,0,1
BRDA:102,10,1,0
BRDA:103,11,0,1
BRDA:103,11,1,0
BRDA:111,12,0,0
BRDA:111,12,1,0
BRDA:119,13,0,0
BRDA:119,13,1,0
BRF:28
BRH:15
end_of_record
TN:
SF:C:\Users\Eneojo\Desktop\Branches\develop\server\models\user.js
FN:10,(anonymous_0)
FN:27,(anonymous_1)
FN:34,(anonymous_2)
FN:52,(anonymous_3)
FN:53,(anonymous_4)
FN:60,(anonymous_5)
FN:69,(anonymous_6)
FN:85,(anonymous_7)
FNF:8
FNH:6
FNDA:1,(anonymous_0)
FNDA:4,(anonymous_1)
FNDA:1,(anonymous_2)
FNDA:2,(anonymous_3)
FNDA:4,(anonymous_4)
FNDA:1,(anonymous_5)
FNDA:0,(anonymous_6)
FNDA:0,(anonymous_7)
DA:11,1
DA:28,4
DA:35,1
DA:43,1
DA:44,1
DA:53,4
DA:61,1
DA:70,0
DA:71,0
DA:72,0
DA:73,0
DA:74,0
DA:75,0
DA:76,0
DA:86,0
DA:87,0
DA:88,0
DA:89,0
LF:18
LH:7
BRDA:37,0,0,1
BRDA:37,0,1,0
BRDA:38,1,0,1
BRDA:38,1,1,0
BRDA:39,2,0,1
BRDA:39,2,1,0
BRDA:72,3,0,0
BRDA:72,3,1,0
BRDA:73,4,0,0
BRDA:73,4,1,0
BRDA:74,5,0,0
BRDA:74,5,1,0
BRF:12
BRH:3
end_of_record
TN:
SF:C:\Users\Eneojo\Desktop\Branches\develop\server\routes\parcel.js
FN:18,(anonymous_0)
FNF:1
FNH:0
FNDA:0,(anonymous_0)
DA:2,1
DA:7,1
DA:11,1
DA:15,1
DA:18,1
DA:19,0
LF:6
LH:5
BRF:0
BRH:0
end_of_record
TN:
SF:C:\Users\Eneojo\Desktop\Branches\develop\server\routes\user.js
FNF:0
FNH:0
DA:2,1
DA:6,1
DA:7,1
DA:8,1
DA:9,1
DA:10,1
DA:11,1
LF:7
LH:7
BRF:0
BRH:0
end_of_record
